This file contains any messages produced by compilers while
running configure, to aid debugging if configure makes a mistake.

It was created by cmsat configure 2.9.9, which was
generated by GNU Autoconf 2.69.  Invocation command line was

  $ ../configure 

## --------- ##
## Platform. ##
## --------- ##

hostname = AHM-2022
uname -m = x86_64
uname -r = 5.15.90.1-microsoft-standard-WSL2
uname -s = Linux
uname -v = #1 SMP Fri Jan 27 02:56:13 UTC 2023

/usr/bin/uname -p = x86_64
/bin/uname -X     = unknown

/bin/arch              = x86_64
/usr/bin/arch -k       = unknown
/usr/convex/getsysinfo = unknown
/usr/bin/hostinfo      = unknown
/bin/machine           = unknown
/usr/bin/oslevel       = unknown
/bin/universe          = unknown

PATH: /usr/local/cuda/bin
PATH: /usr/lib/ccache
PATH: /home/alira/.vscode-server/bin/f1b07bd25dfad64b0167beb15359ae573aecd2cc/bin/remote-cli
PATH: /usr/lib/ccache
PATH: /home/alira/ardupilot/Tools/autotest
PATH: /opt/gcc-arm-none-eabi-10-2020-q4-major/bin
PATH: /home/alira/.local/bin
PATH: /usr/local/cuda/bin
PATH: /usr/lib/ccache
PATH: /usr/local/sbin
PATH: /usr/local/bin
PATH: /usr/sbin
PATH: /usr/bin
PATH: /sbin
PATH: /bin
PATH: /usr/games
PATH: /usr/local/games
PATH: /usr/lib/wsl/lib
PATH: /mnt/d/Program Files/Android/Android Studio/jre/bin
PATH: /mnt/c/Program Files (x86)/Common Files/Oracle/Java/javapath
PATH: /mnt/c/Program Files (x86)/Intel/Intel(R) Management Engine Components/iCLS/
PATH: /mnt/c/Program Files/Intel/Intel(R) Management Engine Components/iCLS/
PATH: /mnt/c/windows/system32
PATH: /mnt/c/windows
PATH: /mnt/c/windows/System32/Wbem
PATH: /mnt/c/windows/System32/WindowsPowerShell/v1.0/
PATH: /mnt/c/windows/System32/OpenSSH/
PATH: /mnt/c/Program Files (x86)/Intel/Intel(R) Management Engine Components/DAL
PATH: /mnt/c/Program Files/Intel/Intel(R) Management Engine Components/DAL
PATH: /mnt/c/Program Files (x86)/NVIDIA Corporation/PhysX/Common
PATH: /mnt/c/Program Files/Intel/WiFi/bin/
PATH: /mnt/c/Program Files/Common Files/Intel/WirelessCommon/
PATH: /mnt/c/WINDOWS/system32
PATH: /mnt/c/WINDOWS
PATH: /mnt/c/WINDOWS/System32/Wbem
PATH: /mnt/c/WINDOWS/System32/WindowsPowerShell/v1.0/
PATH: /mnt/c/WINDOWS/System32/OpenSSH/
PATH: /mnt/d/MATLAB/R2022a/runtime/win64
PATH: /mnt/d/MATLAB/R2022a/bin
PATH: /mnt/c/Program Files/NVIDIA Corporation/NVIDIA NvDLISR
PATH: /mnt/c/bin/
PATH: /mnt/d/anaconda3/Scripts/
PATH: /mnt/d/intelFPGA_lite/18.1/quartudsdskls/bin64
PATH: /mnt/d/alis files/Coding/AndroidDev/gradle-6.8/bin
PATH: /mnt/d/Program Files/nodejs/
PATH: /mnt/c/WINDOWS/system32
PATH: /mnt/c/WINDOWS
PATH: /mnt/c/WINDOWS/System32/Wbem
PATH: /mnt/c/WINDOWS/System32/WindowsPowerShell/v1.0/
PATH: /mnt/c/WINDOWS/System32/OpenSSH/
PATH: /mnt/c/Users/alira/Documents/Arduino/libraries
PATH: /mnt/d/questasim/uvm-1.2/win64
PATH: /mnt/d/questasim/gcc-7.4.0-mingw64vc15/bin
PATH: /mnt/c/Program Files/usbipd-win/
PATH: /mnt/d/intelFPGA_lite/18.1/quartus/bin64
PATH: /mnt/d/questasim/win64
PATH: /mnt/c/Program Files/Git/cmd
PATH: /mnt/d/Latex/Strawberry/c/bin
PATH: /mnt/d/Latex/Strawberry/perl/site/bin
PATH: /mnt/d/Latex/Strawberry/perl/bin
PATH: /mnt/c/Users/alira/AppData/Local/Microsoft/WindowsApps
PATH: /mnt/d/Microsoft VS Code/bin
PATH: /mnt/c/Users/alira/AppData/Roaming/npm
PATH: /mnt/c/Users/alira/AppData/Local/GitHubDesktop/bin
PATH: /mnt/d/questasim/win64
PATH: /mnt/d/Latex/MiKTeX/miktex/bin/x64/
PATH: /mnt/d/texlive/2023/bin/windows
PATH: /snap/bin
PATH: /home/alira/riscv32/bin/
PATH: /home/alira/riscv32/riscv32-unknown-elf/bin
PATH: /mnt/d/questasim/win64
PATH: /home/alira/riscv32/bin/
PATH: /home/alira/riscv32/riscv32-unknown-elf/bin
PATH: /mnt/d/questasim/win64


## ----------- ##
## Core tests. ##
## ----------- ##

configure:2638: checking build system type
configure:2652: result: x86_64-pc-linux-gnu
configure:2672: checking host system type
configure:2685: result: x86_64-pc-linux-gnu
configure:2726: checking how to print strings
configure:2753: result: printf
configure:2825: checking for gcc
configure:2841: found /usr/lib/ccache/gcc
configure:2852: result: gcc
configure:3081: checking for C compiler version
configure:3090: gcc --version >&5
gcc (Ubuntu 9.4.0-1ubuntu1~20.04.1) 9.4.0
Copyright (C) 2019 Free Software Foundation, Inc.
This is free software; see the source for copying conditions.  There is NO
warranty; not even for MERCHANTABILITY or FITNESS FOR A PARTICULAR PURPOSE.

configure:3101: $? = 0
configure:3090: gcc -v >&5
Using built-in specs.
COLLECT_GCC=/usr/bin/gcc
COLLECT_LTO_WRAPPER=/usr/lib/gcc/x86_64-linux-gnu/9/lto-wrapper
OFFLOAD_TARGET_NAMES=nvptx-none:hsa
OFFLOAD_TARGET_DEFAULT=1
Target: x86_64-linux-gnu
Configured with: ../src/configure -v --with-pkgversion='Ubuntu 9.4.0-1ubuntu1~20.04.1' --with-bugurl=file:///usr/share/doc/gcc-9/README.Bugs --enable-languages=c,ada,c++,go,brig,d,fortran,objc,obj-c++,gm2 --prefix=/usr --with-gcc-major-version-only --program-suffix=-9 --program-prefix=x86_64-linux-gnu- --enable-shared --enable-linker-build-id --libexecdir=/usr/lib --without-included-gettext --enable-threads=posix --libdir=/usr/lib --enable-nls --enable-clocale=gnu --enable-libstdcxx-debug --enable-libstdcxx-time=yes --with-default-libstdcxx-abi=new --enable-gnu-unique-object --disable-vtable-verify --enable-plugin --enable-default-pie --with-system-zlib --with-target-system-zlib=auto --enable-objc-gc=auto --enable-multiarch --disable-werror --with-arch-32=i686 --with-abi=m64 --with-multilib-list=m32,m64,mx32 --enable-multilib --with-tune=generic --enable-offload-targets=nvptx-none=/build/gcc-9-Av3uEd/gcc-9-9.4.0/debian/tmp-nvptx/usr,hsa --without-cuda-driver --enable-checking=release --build=x86_64-linux-gnu --host=x86_64-linux-gnu --target=x86_64-linux-gnu
Thread model: posix
gcc version 9.4.0 (Ubuntu 9.4.0-1ubuntu1~20.04.1) 
configure:3101: $? = 0
configure:3090: gcc -V >&5
gcc: error: unrecognized command line option '-V'
gcc: fatal error: no input files
compilation terminated.
configure:3101: $? = 1
configure:3090: gcc -qversion >&5
gcc: error: unrecognized command line option '-qversion'; did you mean '--version'?
gcc: fatal error: no input files
compilation terminated.
configure:3101: $? = 1
configure:3121: checking whether the C compiler works
configure:3143: gcc    conftest.c  >&5
configure:3147: $? = 0
configure:3195: result: yes
configure:3198: checking for C compiler default output file name
configure:3200: result: a.out
configure:3206: checking for suffix of executables
configure:3213: gcc -o conftest    conftest.c  >&5
configure:3217: $? = 0
configure:3239: result: 
configure:3261: checking whether we are cross compiling
configure:3269: gcc -o conftest    conftest.c  >&5
configure:3273: $? = 0
configure:3280: ./conftest
configure:3284: $? = 0
configure:3272: result: no
configure:3277: checking for suffix of object files
configure:3299: gcc -c   conftest.c >&5
configure:3303: $? = 0
configure:3324: result: o
configure:3328: checking whether we are using the GNU C compiler
configure:3347: gcc -c   conftest.c >&5
configure:3347: $? = 0
configure:3356: result: yes
configure:3365: checking whether gcc accepts -g
configure:3385: gcc -c -g  conftest.c >&5
configure:3385: $? = 0
configure:3426: result: yes
configure:3443: checking for gcc option to accept ISO C89
configure:3506: gcc  -c -g -O2  conftest.c >&5
configure:3506: $? = 0
configure:3519: result: none needed
configure:3544: checking whether gcc understands -c and -o together
configure:3566: gcc -c conftest.c -o conftest2.o
configure:3569: $? = 0
configure:3566: gcc -c conftest.c -o conftest2.o
configure:3569: $? = 0
configure:3581: result: yes
configure:3598: checking for a sed that does not truncate output
configure:3662: result: /usr/bin/sed
configure:3680: checking for grep that handles long lines and -e
configure:3738: result: /usr/bin/grep
configure:3743: checking for egrep
configure:3805: result: /usr/bin/grep -E
configure:3810: checking for fgrep
configure:3872: result: /usr/bin/grep -F
configure:3907: checking for ld used by gcc
configure:3974: result: /usr/bin/ld
configure:3981: checking if the linker (/usr/bin/ld) is GNU ld
configure:3996: result: yes
configure:4008: checking for BSD- or MS-compatible name lister (nm)
configure:4062: result: /usr/bin/nm -B
configure:4192: checking the name lister (/usr/bin/nm -B) interface
configure:4199: gcc -c -g -O2  conftest.c >&5
configure:4202: /usr/bin/nm -B "conftest.o"
configure:4205: output
0000000000000000 B some_variable
configure:4206: result: BSD nm
configure:4209: checking whether ln -s works
configure:4213: result: yes
configure:4221: checking the maximum length of command line arguments
configure:4352: result: 1572864
configure:4400: checking how to convert x86_64-pc-linux-gnu file names to x86_64-pc-linux-gnu format
configure:4440: result: func_convert_file_noop
configure:4447: checking how to convert x86_64-pc-linux-gnu file names to toolchain format
configure:4467: result: func_convert_file_noop
configure:4474: checking for /usr/bin/ld option to reload object files
configure:4481: result: -r
configure:4555: checking for objdump
configure:4571: found /usr/bin/objdump
configure:4582: result: objdump
configure:4614: checking how to recognize dependent libraries
configure:4814: result: pass_all
configure:4899: checking for dlltool
configure:4929: result: no
configure:4959: checking how to associate runtime and link libraries
configure:4986: result: printf %s\n
configure:5047: checking for ar
configure:5063: found /usr/bin/ar
configure:5074: result: ar
configure:5111: checking for archiver @FILE support
configure:5128: gcc -c -g -O2  conftest.c >&5
configure:5128: $? = 0
configure:5131: ar cru libconftest.a @conftest.lst >&5
ar: `u' modifier ignored since `D' is the default (see `U')
configure:5134: $? = 0
configure:5139: ar cru libconftest.a @conftest.lst >&5
ar: `u' modifier ignored since `D' is the default (see `U')
ar: conftest.o: No such file or directory
configure:5142: $? = 1
configure:5141: result: @
configure:5199: checking for strip
configure:5215: found /usr/bin/strip
configure:5226: result: strip
configure:5298: checking for ranlib
configure:5314: found /usr/bin/ranlib
configure:5325: result: ranlib
configure:5402: checking for gawk
configure:5418: found /usr/bin/gawk
configure:5429: result: gawk
configure:5469: checking command to parse /usr/bin/nm -B output from gcc object
configure:5622: gcc -c -g -O2  conftest.c >&5
configure:5625: $? = 0
configure:5629: /usr/bin/nm -B conftest.o \| sed -n -e 's/^.*[ ]\([ABCDGIRSTW][ABCDGIRSTW]*\)[ ][ ]*\([_A-Za-z][_A-Za-z0-9]*\)$/\1 \2 \2/p' | sed '/ __gnu_lto/d' \> conftest.nm
configure:5632: $? = 0
configure:5698: gcc -o conftest -g -O2   conftest.c conftstm.o >&5
configure:5701: $? = 0
configure:5739: result: ok
configure:5786: checking for sysroot
configure:5816: result: no
configure:5823: checking for a working dd
configure:5861: result: /usr/bin/dd
configure:5865: checking how to truncate binary pipes
configure:5880: result: /usr/bin/dd bs=4096 count=1
configure:6016: gcc -c -g -O2  conftest.c >&5
configure:6019: $? = 0
configure:6209: checking for mt
configure:6225: found /usr/bin/mt
configure:6236: result: mt
configure:6259: checking if mt is a manifest tool
configure:6265: mt '-?'
configure:6273: result: no
configure:6950: checking how to run the C preprocessor
configure:6981: gcc -E  conftest.c
configure:6981: $? = 0
configure:6995: gcc -E  conftest.c
conftest.c:9:10: fatal error: ac_nonexistent.h: No such file or directory
    9 | #include <ac_nonexistent.h>
      |          ^~~~~~~~~~~~~~~~~~
compilation terminated.
configure:6995: $? = 1
configure: failed program was:
| /* confdefs.h */
| #define PACKAGE_NAME "cmsat"
| #define PACKAGE_TARNAME "cmsat"
| #define PACKAGE_VERSION "2.9.9"
| #define PACKAGE_STRING "cmsat 2.9.9"
| #define PACKAGE_BUGREPORT ""
| #define PACKAGE_URL ""
| /* end confdefs.h.  */
| #include <ac_nonexistent.h>
configure:7020: result: gcc -E
configure:7040: gcc -E  conftest.c
configure:7040: $? = 0
configure:7054: gcc -E  conftest.c
conftest.c:9:10: fatal error: ac_nonexistent.h: No such file or directory
    9 | #include <ac_nonexistent.h>
      |          ^~~~~~~~~~~~~~~~~~
compilation terminated.
configure:7054: $? = 1
configure: failed program was:
| /* confdefs.h */
| #define PACKAGE_NAME "cmsat"
| #define PACKAGE_TARNAME "cmsat"
| #define PACKAGE_VERSION "2.9.9"
| #define PACKAGE_STRING "cmsat 2.9.9"
| #define PACKAGE_BUGREPORT ""
| #define PACKAGE_URL ""
| /* end confdefs.h.  */
| #include <ac_nonexistent.h>
configure:7083: checking for ANSI C header files
configure:7103: gcc -c -g -O2  conftest.c >&5
configure:7103: $? = 0
configure:7176: gcc -o conftest -g -O2   conftest.c  >&5
configure:7176: $? = 0
configure:7176: ./conftest
configure:7176: $? = 0
configure:7187: result: yes
configure:7200: checking for sys/types.h
configure:7200: gcc -c -g -O2  conftest.c >&5
configure:7200: $? = 0
configure:7200: result: yes
configure:7200: checking for sys/stat.h
configure:7200: gcc -c -g -O2  conftest.c >&5
configure:7200: $? = 0
configure:7200: result: yes
configure:7200: checking for stdlib.h
configure:7200: gcc -c -g -O2  conftest.c >&5
configure:7200: $? = 0
configure:7200: result: yes
configure:7200: checking for string.h
configure:7200: gcc -c -g -O2  conftest.c >&5
configure:7200: $? = 0
configure:7200: result: yes
configure:7200: checking for memory.h
configure:7200: gcc -c -g -O2  conftest.c >&5
configure:7200: $? = 0
configure:7200: result: yes
configure:7200: checking for strings.h
configure:7200: gcc -c -g -O2  conftest.c >&5
configure:7200: $? = 0
configure:7200: result: yes
configure:7200: checking for inttypes.h
configure:7200: gcc -c -g -O2  conftest.c >&5
configure:7200: $? = 0
configure:7200: result: yes
configure:7200: checking for stdint.h
configure:7200: gcc -c -g -O2  conftest.c >&5
configure:7200: $? = 0
configure:7200: result: yes
configure:7200: checking for unistd.h
configure:7200: gcc -c -g -O2  conftest.c >&5
configure:7200: $? = 0
configure:7200: result: yes
configure:7214: checking for dlfcn.h
configure:7214: gcc -c -g -O2  conftest.c >&5
configure:7214: $? = 0
configure:7214: result: yes
configure:7470: checking for objdir
configure:7485: result: .libs
configure:7745: checking if gcc supports -fno-rtti -fno-exceptions
configure:7763: gcc -c -g -O2  -fno-rtti -fno-exceptions conftest.c >&5
cc1: warning: command line option '-fno-rtti' is valid for C++/D/ObjC++ but not for C
configure:7767: $? = 0
configure:7780: result: no
configure:8138: checking for gcc option to produce PIC
configure:8145: result: -fPIC -DPIC
configure:8153: checking if gcc PIC flag -fPIC -DPIC works
configure:8171: gcc -c -g -O2  -fPIC -DPIC -DPIC conftest.c >&5
configure:8175: $? = 0
configure:8188: result: yes
configure:8217: checking if gcc static flag -static works
configure:8245: result: yes
configure:8260: checking if gcc supports -c -o file.o
configure:8281: gcc -c -g -O2  -o out/conftest2.o conftest.c >&5
configure:8285: $? = 0
configure:8307: result: yes
configure:8315: checking if gcc supports -c -o file.o
configure:8362: result: yes
configure:8395: checking whether the gcc linker (/usr/bin/ld -m elf_x86_64) supports shared libraries
configure:9658: result: yes
configure:9695: checking whether -lc should be explicitly linked in
configure:9703: gcc -c -g -O2  conftest.c >&5
configure:9706: $? = 0
configure:9721: gcc -shared  -fPIC -DPIC conftest.o  -v -Wl,-soname -Wl,conftest -o conftest 2\>\&1 \| /usr/bin/grep  -lc  \>/dev/null 2\>\&1
configure:9724: $? = 0
configure:9738: result: no
configure:9898: checking dynamic linker characteristics
configure:10479: gcc -o conftest -g -O2   -Wl,-rpath -Wl,/foo conftest.c  >&5
configure:10479: $? = 0
configure:10728: result: GNU/Linux ld.so
configure:10850: checking how to hardcode library paths into programs
configure:10875: result: immediate
configure:11423: checking whether stripping libraries is possible
configure:11428: result: yes
configure:11463: checking if libtool supports shared libraries
configure:11465: result: yes
configure:11468: checking whether to build shared libraries
configure:11493: result: yes
configure:11496: checking whether to build static libraries
configure:11500: result: yes
configure:8381: checking for g++
configure:8397: found /usr/lib/ccache/g++
configure:8408: result: g++
configure:8435: checking for C++ compiler version
configure:8444: g++ --version >&5
g++ (Ubuntu 9.4.0-1ubuntu1~20.04.1) 9.4.0
Copyright (C) 2019 Free Software Foundation, Inc.
This is free software; see the source for copying conditions.  There is NO
warranty; not even for MERCHANTABILITY or FITNESS FOR A PARTICULAR PURPOSE.

configure:8455: $? = 0
configure:8444: g++ -v >&5
Using built-in specs.
COLLECT_GCC=/usr/bin/g++
COLLECT_LTO_WRAPPER=/usr/lib/gcc/x86_64-linux-gnu/9/lto-wrapper
OFFLOAD_TARGET_NAMES=nvptx-none:hsa
OFFLOAD_TARGET_DEFAULT=1
Target: x86_64-linux-gnu
Configured with: ../src/configure -v --with-pkgversion='Ubuntu 9.4.0-1ubuntu1~20.04.1' --with-bugurl=file:///usr/share/doc/gcc-9/README.Bugs --enable-languages=c,ada,c++,go,brig,d,fortran,objc,obj-c++,gm2 --prefix=/usr --with-gcc-major-version-only --program-suffix=-9 --program-prefix=x86_64-linux-gnu- --enable-shared --enable-linker-build-id --libexecdir=/usr/lib --without-included-gettext --enable-threads=posix --libdir=/usr/lib --enable-nls --enable-clocale=gnu --enable-libstdcxx-debug --enable-libstdcxx-time=yes --with-default-libstdcxx-abi=new --enable-gnu-unique-object --disable-vtable-verify --enable-plugin --enable-default-pie --with-system-zlib --with-target-system-zlib=auto --enable-objc-gc=auto --enable-multiarch --disable-werror --with-arch-32=i686 --with-abi=m64 --with-multilib-list=m32,m64,mx32 --enable-multilib --with-tune=generic --enable-offload-targets=nvptx-none=/build/gcc-9-Av3uEd/gcc-9-9.4.0/debian/tmp-nvptx/usr,hsa --without-cuda-driver --enable-checking=release --build=x86_64-linux-gnu --host=x86_64-linux-gnu --target=x86_64-linux-gnu
Thread model: posix
gcc version 9.4.0 (Ubuntu 9.4.0-1ubuntu1~20.04.1) 
configure:8455: $? = 0
configure:8444: g++ -V >&5
g++: error: unrecognized command line option '-V'
g++: fatal error: no input files
compilation terminated.
configure:8455: $? = 1
configure:8444: g++ -qversion >&5
g++: error: unrecognized command line option '-qversion'; did you mean '--version'?
g++: fatal error: no input files
compilation terminated.
configure:8455: $? = 1
configure:8459: checking whether we are using the GNU C++ compiler
configure:8478: g++ -c   conftest.cpp >&5
configure:8478: $? = 0
configure:8487: result: yes
configure:8496: checking whether g++ accepts -g
configure:8516: g++ -c -g  conftest.cpp >&5
configure:8516: $? = 0
configure:8557: result: yes
configure:8598: checking how to run the C++ preprocessor
configure:8625: g++ -E  conftest.cpp
configure:8625: $? = 0
configure:8639: g++ -E  conftest.cpp
conftest.cpp:21:10: fatal error: ac_nonexistent.h: No such file or directory
   21 | #include <ac_nonexistent.h>
      |          ^~~~~~~~~~~~~~~~~~
compilation terminated.
configure:8639: $? = 1
configure: failed program was:
| /* confdefs.h */
| #define PACKAGE_NAME "cmsat"
| #define PACKAGE_TARNAME "cmsat"
| #define PACKAGE_VERSION "2.9.9"
| #define PACKAGE_STRING "cmsat 2.9.9"
| #define PACKAGE_BUGREPORT ""
| #define PACKAGE_URL ""
| #define STDC_HEADERS 1
| #define HAVE_SYS_TYPES_H 1
| #define HAVE_SYS_STAT_H 1
| #define HAVE_STDLIB_H 1
| #define HAVE_STRING_H 1
| #define HAVE_MEMORY_H 1
| #define HAVE_STRINGS_H 1
| #define HAVE_INTTYPES_H 1
| #define HAVE_STDINT_H 1
| #define HAVE_UNISTD_H 1
| #define HAVE_DLFCN_H 1
| #define LT_OBJDIR ".libs/"
| /* end confdefs.h.  */
| #include <ac_nonexistent.h>
configure:8664: result: g++ -E
configure:8684: g++ -E  conftest.cpp
configure:8684: $? = 0
configure:8698: g++ -E  conftest.cpp
conftest.cpp:21:10: fatal error: ac_nonexistent.h: No such file or directory
   21 | #include <ac_nonexistent.h>
      |          ^~~~~~~~~~~~~~~~~~
compilation terminated.
configure:8698: $? = 1
configure: failed program was:
| /* confdefs.h */
| #define PACKAGE_NAME "cmsat"
| #define PACKAGE_TARNAME "cmsat"
| #define PACKAGE_VERSION "2.9.9"
| #define PACKAGE_STRING "cmsat 2.9.9"
| #define PACKAGE_BUGREPORT ""
| #define PACKAGE_URL ""
| #define STDC_HEADERS 1
| #define HAVE_SYS_TYPES_H 1
| #define HAVE_SYS_STAT_H 1
| #define HAVE_STDLIB_H 1
| #define HAVE_STRING_H 1
| #define HAVE_MEMORY_H 1
| #define HAVE_STRINGS_H 1
| #define HAVE_INTTYPES_H 1
| #define HAVE_STDINT_H 1
| #define HAVE_UNISTD_H 1
| #define HAVE_DLFCN_H 1
| #define LT_OBJDIR ".libs/"
| /* end confdefs.h.  */
| #include <ac_nonexistent.h>
configure:8860: checking for ld used by g++
configure:8927: result: /usr/bin/ld -m elf_x86_64
configure:8934: checking if the linker (/usr/bin/ld -m elf_x86_64) is GNU ld
configure:8949: result: yes
configure:9004: checking whether the g++ linker (/usr/bin/ld -m elf_x86_64) supports shared libraries
configure:10077: result: yes
configure:10113: g++ -c -g -O2  conftest.cpp >&5
configure:10116: $? = 0
configure:10597: checking for g++ option to produce PIC
configure:10604: result: -fPIC -DPIC
configure:10612: checking if g++ PIC flag -fPIC -DPIC works
configure:10630: g++ -c -g -O2  -fPIC -DPIC -DPIC conftest.cpp >&5
configure:10634: $? = 0
configure:10647: result: yes
configure:10670: checking if g++ static flag -static works
configure:10698: result: yes
configure:10710: checking if g++ supports -c -o file.o
configure:10731: g++ -c -g -O2  -o out/conftest2.o conftest.cpp >&5
configure:10735: $? = 0
configure:10757: result: yes
configure:10762: checking if g++ supports -c -o file.o
configure:10809: result: yes
configure:10839: checking whether the g++ linker (/usr/bin/ld -m elf_x86_64) supports shared libraries
configure:10882: result: yes
configure:11023: checking dynamic linker characteristics
configure:11780: result: GNU/Linux ld.so
configure:11845: checking how to hardcode library paths into programs
configure:11870: result: immediate
configure:10751: checking for gcc bug number 47365
configure:10857: g++ -o conftest -g -O3 -Wall -pedantic   conftest.cpp  >&5
configure:10857: $? = 0
configure:10857: ./conftest
configure:10857: $? = 0
configure:10868: result: no
configure:10872: result: Your gcc version doesn't _seem_ broken
configure:10881: checking static linking
configure:10890: result: no
configure:10912: checking for a BSD-compatible install
configure:10980: result: /usr/bin/install -c
configure:10991: checking whether build environment is sane
configure:11046: result: yes
configure:11192: checking for a thread-safe mkdir -p
configure:11231: result: /usr/bin/mkdir -p
configure:11234: checking whether make sets $(MAKE)
configure:11256: result: yes
configure:11286: checking for style of include used by make
configure:11314: result: GNU
configure:11348: checking whether make supports nested variables
configure:11365: result: yes
configure:11450: checking dependency style of gcc
configure:11561: result: gcc3
configure:11578: checking dependency style of g++
configure:11689: result: gcc3
configure:11753: checking iostream usability
configure:11753: g++ -c -g -O3 -Wall -pedantic  conftest.cpp >&5
configure:11753: $? = 0
configure:11753: result: yes
configure:11753: checking iostream presence
configure:11753: g++ -E  conftest.cpp
configure:11753: $? = 0
configure:11753: result: yes
configure:11753: checking for iostream
configure:11753: result: yes
configure:11769: checking size of int
configure:11774: g++ -o conftest -g -O3 -Wall -pedantic   conftest.cpp  >&5
configure:11774: $? = 0
configure:11774: ./conftest
configure:11774: $? = 0
configure:11788: result: 4
configure:11802: checking size of long
configure:11807: g++ -o conftest -g -O3 -Wall -pedantic   conftest.cpp  >&5
configure:11807: $? = 0
configure:11807: ./conftest
configure:11807: $? = 0
configure:11821: result: 8
configure:11835: checking size of size_t
configure:11840: g++ -o conftest -g -O3 -Wall -pedantic   conftest.cpp  >&5
configure:11840: $? = 0
configure:11840: ./conftest
configure:11840: $? = 0
configure:11854: result: 8
configure:11883: checking for g++ option to support OpenMP
configure:11898: g++ -o conftest -g -O3 -Wall -pedantic   conftest.cpp  >&5
conftest.cpp:30:2: error: 'choke' does not name a type
   30 |  choke me
      |  ^~~~~
In file included from conftest.cpp:32:
/usr/lib/gcc/x86_64-linux-gnu/9/include/omp.h:39:3: error: 'omp_lock_t' does not name a type
   39 | } omp_lock_t;
      |   ^~~~~~~~~~
/usr/lib/gcc/x86_64-linux-gnu/9/include/omp.h:125:28: error: variable or field 'omp_init_lock' declared void
  125 | extern void omp_init_lock (omp_lock_t *) __GOMP_NOTHROW;
      |                            ^~~~~~~~~~
/usr/lib/gcc/x86_64-linux-gnu/9/include/omp.h:125:28: error: 'omp_lock_t' was not declared in this scope; did you mean 'omp_lock_hint_t'?
  125 | extern void omp_init_lock (omp_lock_t *) __GOMP_NOTHROW;
      |                            ^~~~~~~~~~
      |                            omp_lock_hint_t
/usr/lib/gcc/x86_64-linux-gnu/9/include/omp.h:125:40: error: expected primary-expression before ')' token
  125 | extern void omp_init_lock (omp_lock_t *) __GOMP_NOTHROW;
      |                                        ^
/usr/lib/gcc/x86_64-linux-gnu/9/include/omp.h:126:38: error: variable or field 'omp_init_lock_with_hint' declared void
  126 | extern void omp_init_lock_with_hint (omp_lock_t *, omp_sync_hint_t)
      |                                      ^~~~~~~~~~
/usr/lib/gcc/x86_64-linux-gnu/9/include/omp.h:126:38: error: 'omp_lock_t' was not declared in this scope; did you mean 'omp_lock_hint_t'?
  126 | extern void omp_init_lock_with_hint (omp_lock_t *, omp_sync_hint_t)
      |                                      ^~~~~~~~~~
      |                                      omp_lock_hint_t
/usr/lib/gcc/x86_64-linux-gnu/9/include/omp.h:126:50: error: expected primary-expression before ',' token
  126 | extern void omp_init_lock_with_hint (omp_lock_t *, omp_sync_hint_t)
      |                                                  ^
/usr/lib/gcc/x86_64-linux-gnu/9/include/omp.h:126:67: error: expected primary-expression before ')' token
  126 | extern void omp_init_lock_with_hint (omp_lock_t *, omp_sync_hint_t)
      |                                                                   ^
/usr/lib/gcc/x86_64-linux-gnu/9/include/omp.h:128:31: error: variable or field 'omp_destroy_lock' declared void
  128 | extern void omp_destroy_lock (omp_lock_t *) __GOMP_NOTHROW;
      |                               ^~~~~~~~~~
/usr/lib/gcc/x86_64-linux-gnu/9/include/omp.h:128:31: error: 'omp_lock_t' was not declared in this scope; did you mean 'omp_lock_hint_t'?
  128 | extern void omp_destroy_lock (omp_lock_t *) __GOMP_NOTHROW;
      |                               ^~~~~~~~~~
      |                               omp_lock_hint_t
/usr/lib/gcc/x86_64-linux-gnu/9/include/omp.h:128:43: error: expected primary-expression before ')' token
  128 | extern void omp_destroy_lock (omp_lock_t *) __GOMP_NOTHROW;
      |                                           ^
/usr/lib/gcc/x86_64-linux-gnu/9/include/omp.h:129:27: error: variable or field 'omp_set_lock' declared void
  129 | extern void omp_set_lock (omp_lock_t *) __GOMP_NOTHROW;
      |                           ^~~~~~~~~~
/usr/lib/gcc/x86_64-linux-gnu/9/include/omp.h:129:27: error: 'omp_lock_t' was not declared in this scope; did you mean 'omp_lock_hint_t'?
  129 | extern void omp_set_lock (omp_lock_t *) __GOMP_NOTHROW;
      |                           ^~~~~~~~~~
      |                           omp_lock_hint_t
/usr/lib/gcc/x86_64-linux-gnu/9/include/omp.h:129:39: error: expected primary-expression before ')' token
  129 | extern void omp_set_lock (omp_lock_t *) __GOMP_NOTHROW;
      |                                       ^
/usr/lib/gcc/x86_64-linux-gnu/9/include/omp.h:130:29: error: variable or field 'omp_unset_lock' declared void
  130 | extern void omp_unset_lock (omp_lock_t *) __GOMP_NOTHROW;
      |                             ^~~~~~~~~~
/usr/lib/gcc/x86_64-linux-gnu/9/include/omp.h:130:29: error: 'omp_lock_t' was not declared in this scope; did you mean 'omp_lock_hint_t'?
  130 | extern void omp_unset_lock (omp_lock_t *) __GOMP_NOTHROW;
      |                             ^~~~~~~~~~
      |                             omp_lock_hint_t
/usr/lib/gcc/x86_64-linux-gnu/9/include/omp.h:130:41: error: expected primary-expression before ')' token
  130 | extern void omp_unset_lock (omp_lock_t *) __GOMP_NOTHROW;
      |                                         ^
/usr/lib/gcc/x86_64-linux-gnu/9/include/omp.h:131:27: error: 'omp_lock_t' was not declared in this scope; did you mean 'omp_lock_hint_t'?
  131 | extern int omp_test_lock (omp_lock_t *) __GOMP_NOTHROW;
      |                           ^~~~~~~~~~
      |                           omp_lock_hint_t
/usr/lib/gcc/x86_64-linux-gnu/9/include/omp.h:131:39: error: expected primary-expression before ')' token
  131 | extern int omp_test_lock (omp_lock_t *) __GOMP_NOTHROW;
      |                                       ^
configure:11898: $? = 1
configure: failed program was:
| /* confdefs.h */
| #define PACKAGE_NAME "cmsat"
| #define PACKAGE_TARNAME "cmsat"
| #define PACKAGE_VERSION "2.9.9"
| #define PACKAGE_STRING "cmsat 2.9.9"
| #define PACKAGE_BUGREPORT ""
| #define PACKAGE_URL ""
| #define STDC_HEADERS 1
| #define HAVE_SYS_TYPES_H 1
| #define HAVE_SYS_STAT_H 1
| #define HAVE_STDLIB_H 1
| #define HAVE_STRING_H 1
| #define HAVE_MEMORY_H 1
| #define HAVE_STRINGS_H 1
| #define HAVE_INTTYPES_H 1
| #define HAVE_STDINT_H 1
| #define HAVE_UNISTD_H 1
| #define HAVE_DLFCN_H 1
| #define LT_OBJDIR ".libs/"
| #define PACKAGE "cmsat"
| #define VERSION "2.9.9"
| #define HAVE_IOSTREAM 1
| #define SIZEOF_INT 4
| #define SIZEOF_LONG 8
| #define SIZEOF_SIZE_T 8
| #define USE_GAUSS 1
| /* end confdefs.h.  */
| 
| #ifndef _OPENMP
|  choke me
| #endif
| #include <omp.h>
| int main () { return omp_get_num_threads (); }
| 
configure:11916: g++ -o conftest -g -O3 -Wall -pedantic -fopenmp   conftest.cpp  >&5
configure:11916: $? = 0
configure:11930: result: -fopenmp
configure:11943: checking for gzread in -lz
configure:11968: g++ -o conftest -g -O3 -Wall -pedantic   conftest.cpp -lz   >&5
configure:11968: $? = 0
configure:11977: result: yes
configure:12099: checking that generated files are newer than configure
configure:12105: result: done
configure:12132: creating ./config.status

## ---------------------- ##
## Running config.status. ##
## ---------------------- ##

This file was extended by cmsat config.status 2.9.9, which was
generated by GNU Autoconf 2.69.  Invocation command line was

  CONFIG_FILES    = 
  CONFIG_HEADERS  = 
  CONFIG_LINKS    = 
  CONFIG_COMMANDS = 
  $ ./config.status 

on AHM-2022

config.status:1152: creating Makefile
config.status:1152: creating cmsat/Makefile
config.status:1152: creating man/Makefile
config.status:1152: creating config.h
config.status:1366: executing libtool commands
config.status:1366: executing depfiles commands

## ---------------- ##
## Cache variables. ##
## ---------------- ##

ac_cv_build=x86_64-pc-linux-gnu
ac_cv_c_compiler_gnu=yes
ac_cv_cxx_compiler_gnu=yes
ac_cv_env_CCC_set=
ac_cv_env_CCC_value=
ac_cv_env_CC_set=
ac_cv_env_CC_value=
ac_cv_env_CFLAGS_set=
ac_cv_env_CFLAGS_value=
ac_cv_env_CPPFLAGS_set=
ac_cv_env_CPPFLAGS_value=
ac_cv_env_CPP_set=
ac_cv_env_CPP_value=
ac_cv_env_CXXCPP_set=
ac_cv_env_CXXCPP_value=
ac_cv_env_CXXFLAGS_set=
ac_cv_env_CXXFLAGS_value=
ac_cv_env_CXX_set=
ac_cv_env_CXX_value=
ac_cv_env_LDFLAGS_set=
ac_cv_env_LDFLAGS_value=
ac_cv_env_LIBS_set=
ac_cv_env_LIBS_value=
ac_cv_env_LT_SYS_LIBRARY_PATH_set=
ac_cv_env_LT_SYS_LIBRARY_PATH_value=
ac_cv_env_build_alias_set=
ac_cv_env_build_alias_value=
ac_cv_env_host_alias_set=
ac_cv_env_host_alias_value=
ac_cv_env_target_alias_set=
ac_cv_env_target_alias_value=
ac_cv_header_dlfcn_h=yes
ac_cv_header_inttypes_h=yes
ac_cv_header_iostream=yes
ac_cv_header_memory_h=yes
ac_cv_header_stdc=yes
ac_cv_header_stdint_h=yes
ac_cv_header_stdlib_h=yes
ac_cv_header_string_h=yes
ac_cv_header_strings_h=yes
ac_cv_header_sys_stat_h=yes
ac_cv_header_sys_types_h=yes
ac_cv_header_unistd_h=yes
ac_cv_host=x86_64-pc-linux-gnu
ac_cv_lib_z_gzread=yes
ac_cv_objext=o
ac_cv_path_EGREP='/usr/bin/grep -E'
ac_cv_path_FGREP='/usr/bin/grep -F'
ac_cv_path_GREP=/usr/bin/grep
ac_cv_path_SED=/usr/bin/sed
ac_cv_path_install='/usr/bin/install -c'
ac_cv_path_lt_DD=/usr/bin/dd
ac_cv_path_mkdir=/usr/bin/mkdir
ac_cv_prog_AWK=gawk
ac_cv_prog_CPP='gcc -E'
ac_cv_prog_CXXCPP='g++ -E'
ac_cv_prog_ac_ct_AR=ar
ac_cv_prog_ac_ct_CC=gcc
ac_cv_prog_ac_ct_CXX=g++
ac_cv_prog_ac_ct_MANIFEST_TOOL=mt
ac_cv_prog_ac_ct_OBJDUMP=objdump
ac_cv_prog_ac_ct_RANLIB=ranlib
ac_cv_prog_ac_ct_STRIP=strip
ac_cv_prog_cc_c89=
ac_cv_prog_cc_g=yes
ac_cv_prog_cxx_g=yes
ac_cv_prog_cxx_openmp=-fopenmp
ac_cv_prog_make_make_set=yes
ac_cv_sizeof_int=4
ac_cv_sizeof_long=8
ac_cv_sizeof_size_t=8
am_cv_CC_dependencies_compiler_type=gcc3
am_cv_CXX_dependencies_compiler_type=gcc3
am_cv_make_support_nested_variables=yes
am_cv_prog_cc_c_o=yes
fpre_cv_bug=no
lt_cv_ar_at_file=@
lt_cv_archive_cmds_need_lc=no
lt_cv_deplibs_check_method=pass_all
lt_cv_file_magic_cmd='$MAGIC_CMD'
lt_cv_file_magic_test_file=
lt_cv_ld_reload_flag=-r
lt_cv_nm_interface='BSD nm'
lt_cv_objdir=.libs
lt_cv_path_LD=/usr/bin/ld
lt_cv_path_LDCXX='/usr/bin/ld -m elf_x86_64'
lt_cv_path_NM='/usr/bin/nm -B'
lt_cv_path_mainfest_tool=no
lt_cv_prog_compiler_c_o=yes
lt_cv_prog_compiler_c_o_CXX=yes
lt_cv_prog_compiler_pic='-fPIC -DPIC'
lt_cv_prog_compiler_pic_CXX='-fPIC -DPIC'
lt_cv_prog_compiler_pic_works=yes
lt_cv_prog_compiler_pic_works_CXX=yes
lt_cv_prog_compiler_rtti_exceptions=no
lt_cv_prog_compiler_static_works=yes
lt_cv_prog_compiler_static_works_CXX=yes
lt_cv_prog_gnu_ld=yes
lt_cv_prog_gnu_ldcxx=yes
lt_cv_sharedlib_from_linklib_cmd='printf %s\n'
lt_cv_shlibpath_overrides_runpath=yes
lt_cv_sys_global_symbol_pipe='sed -n -e '\''s/^.*[	 ]\([ABCDGIRSTW][ABCDGIRSTW]*\)[	 ][	 ]*\([_A-Za-z][_A-Za-z0-9]*\)$/\1 \2 \2/p'\'' | sed '\''/ __gnu_lto/d'\'''
lt_cv_sys_global_symbol_to_c_name_address='sed -n -e '\''s/^: \(.*\) .*$/  {"\1", (void *) 0},/p'\'' -e '\''s/^[ABCDGIRSTW][ABCDGIRSTW]* .* \(.*\)$/  {"\1", (void *) \&\1},/p'\'''
lt_cv_sys_global_symbol_to_c_name_address_lib_prefix='sed -n -e '\''s/^: \(.*\) .*$/  {"\1", (void *) 0},/p'\'' -e '\''s/^[ABCDGIRSTW][ABCDGIRSTW]* .* \(lib.*\)$/  {"\1", (void *) \&\1},/p'\'' -e '\''s/^[ABCDGIRSTW][ABCDGIRSTW]* .* \(.*\)$/  {"lib\1", (void *) \&\1},/p'\'''
lt_cv_sys_global_symbol_to_cdecl='sed -n -e '\''s/^T .* \(.*\)$/extern int \1();/p'\'' -e '\''s/^[ABCDGIRSTW][ABCDGIRSTW]* .* \(.*\)$/extern char \1;/p'\'''
lt_cv_sys_global_symbol_to_import=
lt_cv_sys_max_cmd_len=1572864
lt_cv_to_host_file_cmd=func_convert_file_noop
lt_cv_to_tool_file_cmd=func_convert_file_noop
lt_cv_truncate_bin='/usr/bin/dd bs=4096 count=1'

## ----------------- ##
## Output variables. ##
## ----------------- ##

ACLOCAL='${SHELL} /home/alira/FYP/linux/LL_Attacks/SAT_src/cmsat-2.9.9/missing aclocal-1.15'
AMDEPBACKSLASH='\'
AMDEP_FALSE='#'
AMDEP_TRUE=''
AMTAR='$${TAR-tar}'
AM_BACKSLASH='\'
AM_DEFAULT_V='$(AM_DEFAULT_VERBOSITY)'
AM_DEFAULT_VERBOSITY='1'
AM_V='$(V)'
AR='ar'
AUTOCONF='${SHELL} /home/alira/FYP/linux/LL_Attacks/SAT_src/cmsat-2.9.9/missing autoconf'
AUTOHEADER='${SHELL} /home/alira/FYP/linux/LL_Attacks/SAT_src/cmsat-2.9.9/missing autoheader'
AUTOMAKE='${SHELL} /home/alira/FYP/linux/LL_Attacks/SAT_src/cmsat-2.9.9/missing automake-1.15'
AWK='gawk'
CC='gcc'
CCDEPMODE='depmode=gcc3'
CFLAGS='-g -O2'
CPP='gcc -E'
CPPFLAGS=''
CXX='g++'
CXXCPP='g++ -E'
CXXDEPMODE='depmode=gcc3'
CXXFLAGS='-g -O3 -Wall -pedantic'
CYGPATH_W='echo'
DEFS='-DHAVE_CONFIG_H'
DEPDIR='.deps'
DLLTOOL='false'
DSYMUTIL=''
DUMPBIN=''
ECHO_C=''
ECHO_N='-n'
ECHO_T=''
EGREP='/usr/bin/grep -E'
EXEEXT=''
FGREP='/usr/bin/grep -F'
GREP='/usr/bin/grep'
INSTALL_DATA='${INSTALL} -m 644'
INSTALL_PROGRAM='${INSTALL}'
INSTALL_SCRIPT='${INSTALL}'
INSTALL_STRIP_PROGRAM='$(install_sh) -c -s'
LD='/usr/bin/ld -m elf_x86_64'
LDFLAGS=''
LIBOBJS=''
LIBS='-lz '
LIBTOOL='$(SHELL) $(top_builddir)/libtool'
LIPO=''
LN_S='ln -s'
LTLIBOBJS=''
LT_SYS_LIBRARY_PATH=''
MAKEINFO='${SHELL} /home/alira/FYP/linux/LL_Attacks/SAT_src/cmsat-2.9.9/missing makeinfo'
MANIFEST_TOOL=':'
MKDIR_P='/usr/bin/mkdir -p'
NM='/usr/bin/nm -B'
NMEDIT=''
OBJDUMP='objdump'
OBJEXT='o'
OPENMP_CXXFLAGS='-fopenmp'
OTOOL64=''
OTOOL=''
PACKAGE='cmsat'
PACKAGE_BUGREPORT=''
PACKAGE_NAME='cmsat'
PACKAGE_STRING='cmsat 2.9.9'
PACKAGE_TARNAME='cmsat'
PACKAGE_URL=''
PACKAGE_VERSION='2.9.9'
PATH_SEPARATOR=':'
RANLIB='ranlib'
SED='/usr/bin/sed'
SET_MAKE=''
SHELL='/bin/bash'
STRIP='strip'
VERSION='2.9.9'
ac_ct_AR='ar'
ac_ct_CC='gcc'
ac_ct_CXX='g++'
ac_ct_DUMPBIN=''
am__EXEEXT_FALSE=''
am__EXEEXT_TRUE='#'
am__fastdepCC_FALSE='#'
am__fastdepCC_TRUE=''
am__fastdepCXX_FALSE='#'
am__fastdepCXX_TRUE=''
am__include='include'
am__isrc=' -I$(srcdir)'
am__leading_dot='.'
am__nodep='_no'
am__quote=''
am__tar='$${TAR-tar} chof - "$$tardir"'
am__untar='$${TAR-tar} xf -'
bindir='${exec_prefix}/bin'
build='x86_64-pc-linux-gnu'
build_alias=''
build_cpu='x86_64'
build_os='linux-gnu'
build_vendor='pc'
datadir='${datarootdir}'
datarootdir='${prefix}/share'
docdir='${datarootdir}/doc/${PACKAGE_TARNAME}'
dvidir='${docdir}'
exec_prefix='${prefix}'
host='x86_64-pc-linux-gnu'
host_alias=''
host_cpu='x86_64'
host_os='linux-gnu'
host_vendor='pc'
htmldir='${docdir}'
includedir='${prefix}/include'
infodir='${datarootdir}/info'
install_sh='${SHELL} /home/alira/FYP/linux/LL_Attacks/SAT_src/cmsat-2.9.9/install-sh'
libdir='${exec_prefix}/lib'
libexecdir='${exec_prefix}/libexec'
localedir='${datarootdir}/locale'
localstatedir='${prefix}/var'
mandir='${datarootdir}/man'
mkdir_p='$(MKDIR_P)'
oldincludedir='/usr/include'
pdfdir='${docdir}'
prefix='/usr/local'
program_transform_name='s,x,x,'
psdir='${docdir}'
runstatedir='${localstatedir}/run'
sbindir='${exec_prefix}/sbin'
sharedstatedir='${prefix}/com'
sysconfdir='${prefix}/etc'
target_alias=''

## ----------- ##
## confdefs.h. ##
## ----------- ##

/* confdefs.h */
#define PACKAGE_NAME "cmsat"
#define PACKAGE_TARNAME "cmsat"
#define PACKAGE_VERSION "2.9.9"
#define PACKAGE_STRING "cmsat 2.9.9"
#define PACKAGE_BUGREPORT ""
#define PACKAGE_URL ""
#define STDC_HEADERS 1
#define HAVE_SYS_TYPES_H 1
#define HAVE_SYS_STAT_H 1
#define HAVE_STDLIB_H 1
#define HAVE_STRING_H 1
#define HAVE_MEMORY_H 1
#define HAVE_STRINGS_H 1
#define HAVE_INTTYPES_H 1
#define HAVE_STDINT_H 1
#define HAVE_UNISTD_H 1
#define HAVE_DLFCN_H 1
#define LT_OBJDIR ".libs/"
#define PACKAGE "cmsat"
#define VERSION "2.9.9"
#define HAVE_IOSTREAM 1
#define SIZEOF_INT 4
#define SIZEOF_LONG 8
#define SIZEOF_SIZE_T 8
#define USE_GAUSS 1
#define HAVE_LIBZ 1

configure: exit 0
